<?xml version="1.0" encoding="UTF-8"?>
<!-- Generated by org.testng.reporters.JUnitReportReporter -->
<testsuite hostname="LAPTOP-UAMFKM25" failures="0" tests="1" name="NorthWestern.sauceDemo" time="4.299" errors="0" timestamp="2022-03-23T18:51:34 EDT" skipped="0">
  <testcase classname="NorthWestern.sauceDemo" name="demoSession" time="4.299"/>
  <system-out/>
</testsuite> <!-- NorthWestern.sauceDemo -->
