<?xml version="1.0" encoding="UTF-8"?>
<!-- Generated by org.testng.reporters.JUnitReportReporter -->
<testsuite hostname="LAPTOP-UAMFKM25" failures="0" tests="2" name="NorthWestern.sauceDemoParallel" time="12.560" errors="0" timestamp="2022-03-23T19:15:09 EDT" skipped="0">
  <testcase classname="NorthWestern.sauceDemoParallel" name="demoSession" time="5.632"/>
  <system-out/>
  <testcase classname="NorthWestern.sauceDemoParallel" name="demoSession2" time="6.928"/>
  <system-out/>
</testsuite> <!-- NorthWestern.sauceDemoParallel -->
